build/app/intermediates/manifest_merge_blame_file/debug/manifest-merger-blame-debug-report.txt
1<?xml version="1.0" encoding="utf-8"?>
2<manifest xmlns:android="http://schemas.android.com/apk/res/android"
3    package="com.example.krishivikas"
4    android:versionCode="1"
5    android:versionName="1.0.0" >
6
7    <uses-sdk
8        android:minSdkVersion="19"
9        android:targetSdkVersion="31" />
10    <!--
11         Flutter needs it to communicate with the running application
12         to allow setting breakpoints, to provide hot reload, etc.
13    -->
14    <uses-permission android:name="android.permission.INTERNET" />
14-->src\main\AndroidManifest.xml:3:5-66
14-->src\main\AndroidManifest.xml:3:22-64
15    <uses-permission android:name="android.permission.ACCESS_NETWORK_STATE" />
15-->src\main\AndroidManifest.xml:4:5-78
15-->src\main\AndroidManifest.xml:4:22-76
16    <uses-permission android:name="android.permission.ACCESS_FINE_LOCATION" />
16-->src\main\AndroidManifest.xml:5:5-79
16-->src\main\AndroidManifest.xml:5:22-76
17    <uses-permission android:name="android.permission.ACCESS_COARSE_LOCATION" />
17-->src\main\AndroidManifest.xml:6:5-81
17-->src\main\AndroidManifest.xml:6:22-78
18    <uses-permission android:name="android.permission.CAMERA" />
18-->src\main\AndroidManifest.xml:7:5-64
18-->src\main\AndroidManifest.xml:7:22-62
19    <uses-permission android:name="android.permission.FOREGROUND_SERVICE" /> <!-- Create a unique permission for your app and use it so only your app can receive your OneSignal messages. -->
19-->[:geolocator_android] AndroidManifest.xml:7:5-77
19-->[:geolocator_android] AndroidManifest.xml:7:22-74
20    <permission
20-->[com.onesignal:OneSignal:4.6.6] AndroidManifest.xml:7:5-9:47
21        android:name="com.example.krishivikas.permission.C2D_MESSAGE"
21-->[com.onesignal:OneSignal:4.6.6] AndroidManifest.xml:8:9-63
22        android:protectionLevel="signature" />
22-->[com.onesignal:OneSignal:4.6.6] AndroidManifest.xml:9:9-44
23
24    <uses-permission android:name="com.example.krishivikas.permission.C2D_MESSAGE" /> <!-- c2dm RECEIVE are basic requirements for push messages through Google's FCM -->
24-->[com.onesignal:OneSignal:4.6.6] AndroidManifest.xml:11:5-79
24-->[com.onesignal:OneSignal:4.6.6] AndroidManifest.xml:11:22-76
25    <uses-permission android:name="com.google.android.c2dm.permission.RECEIVE" /> <!-- Required, makes sure notifications are delivered on time. -->
25-->[com.onesignal:OneSignal:4.6.6] AndroidManifest.xml:17:5-82
25-->[com.onesignal:OneSignal:4.6.6] AndroidManifest.xml:17:22-79
26    <uses-permission android:name="android.permission.WAKE_LOCK" />
26-->[com.onesignal:OneSignal:4.6.6] AndroidManifest.xml:18:5-68
26-->[com.onesignal:OneSignal:4.6.6] AndroidManifest.xml:18:22-65
27    <!--
28 Required so the device vibrates on receiving a push notification.
29         Vibration settings of the device still apply.
30    -->
31    <uses-permission android:name="android.permission.VIBRATE" />
31-->[com.onesignal:OneSignal:4.6.6] AndroidManifest.xml:23:5-66
31-->[com.onesignal:OneSignal:4.6.6] AndroidManifest.xml:23:22-63
32    <!--
33 Use to restore notifications the user hasn't interacted with.
34         They could be missed notifications if the user reboots their device if this isn't in place.
35    -->
36    <uses-permission android:name="android.permission.RECEIVE_BOOT_COMPLETED" /> <!-- START: ShortcutBadger -->
36-->[com.onesignal:OneSignal:4.6.6] AndroidManifest.xml:29:5-81
36-->[com.onesignal:OneSignal:4.6.6] AndroidManifest.xml:29:22-78
37    <!-- Samsung -->
38    <uses-permission android:name="com.sec.android.provider.badge.permission.READ" />
38-->[com.onesignal:OneSignal:4.6.6] AndroidManifest.xml:31:5-86
38-->[com.onesignal:OneSignal:4.6.6] AndroidManifest.xml:31:22-83
39    <uses-permission android:name="com.sec.android.provider.badge.permission.WRITE" /> <!-- HTC -->
39-->[com.onesignal:OneSignal:4.6.6] AndroidManifest.xml:32:5-87
39-->[com.onesignal:OneSignal:4.6.6] AndroidManifest.xml:32:22-84
40    <uses-permission android:name="com.htc.launcher.permission.READ_SETTINGS" />
40-->[com.onesignal:OneSignal:4.6.6] AndroidManifest.xml:33:5-81
40-->[com.onesignal:OneSignal:4.6.6] AndroidManifest.xml:33:22-78
41    <uses-permission android:name="com.htc.launcher.permission.UPDATE_SHORTCUT" /> <!-- Sony -->
41-->[com.onesignal:OneSignal:4.6.6] AndroidManifest.xml:34:5-83
41-->[com.onesignal:OneSignal:4.6.6] AndroidManifest.xml:34:22-80
42    <uses-permission android:name="com.sonyericsson.home.permission.BROADCAST_BADGE" />
42-->[com.onesignal:OneSignal:4.6.6] AndroidManifest.xml:35:5-88
42-->[com.onesignal:OneSignal:4.6.6] AndroidManifest.xml:35:22-85
43    <uses-permission android:name="com.sonymobile.home.permission.PROVIDER_INSERT_BADGE" /> <!-- Apex -->
43-->[com.onesignal:OneSignal:4.6.6] AndroidManifest.xml:36:5-92
43-->[com.onesignal:OneSignal:4.6.6] AndroidManifest.xml:36:22-89
44    <uses-permission android:name="com.anddoes.launcher.permission.UPDATE_COUNT" /> <!-- Solid -->
44-->[com.onesignal:OneSignal:4.6.6] AndroidManifest.xml:37:5-84
44-->[com.onesignal:OneSignal:4.6.6] AndroidManifest.xml:37:22-81
45    <uses-permission android:name="com.majeur.launcher.permission.UPDATE_BADGE" /> <!-- Huawei -->
45-->[com.onesignal:OneSignal:4.6.6] AndroidManifest.xml:38:5-83
45-->[com.onesignal:OneSignal:4.6.6] AndroidManifest.xml:38:22-80
46    <uses-permission android:name="com.huawei.android.launcher.permission.CHANGE_BADGE" />
46-->[com.onesignal:OneSignal:4.6.6] AndroidManifest.xml:39:5-91
46-->[com.onesignal:OneSignal:4.6.6] AndroidManifest.xml:39:22-88
47    <uses-permission android:name="com.huawei.android.launcher.permission.READ_SETTINGS" />
47-->[com.onesignal:OneSignal:4.6.6] AndroidManifest.xml:40:5-92
47-->[com.onesignal:OneSignal:4.6.6] AndroidManifest.xml:40:22-89
48    <uses-permission android:name="com.huawei.android.launcher.permission.WRITE_SETTINGS" /> <!-- ZUK -->
48-->[com.onesignal:OneSignal:4.6.6] AndroidManifest.xml:41:5-93
48-->[com.onesignal:OneSignal:4.6.6] AndroidManifest.xml:41:22-90
49    <uses-permission android:name="android.permission.READ_APP_BADGE" /> <!-- OPPO -->
49-->[com.onesignal:OneSignal:4.6.6] AndroidManifest.xml:42:5-73
49-->[com.onesignal:OneSignal:4.6.6] AndroidManifest.xml:42:22-70
50    <uses-permission android:name="com.oppo.launcher.permission.READ_SETTINGS" />
50-->[com.onesignal:OneSignal:4.6.6] AndroidManifest.xml:43:5-82
50-->[com.onesignal:OneSignal:4.6.6] AndroidManifest.xml:43:22-79
51    <uses-permission android:name="com.oppo.launcher.permission.WRITE_SETTINGS" /> <!-- EvMe -->
51-->[com.onesignal:OneSignal:4.6.6] AndroidManifest.xml:44:5-83
51-->[com.onesignal:OneSignal:4.6.6] AndroidManifest.xml:44:22-80
52    <uses-permission android:name="me.everything.badger.permission.BADGE_COUNT_READ" />
52-->[com.onesignal:OneSignal:4.6.6] AndroidManifest.xml:45:5-88
52-->[com.onesignal:OneSignal:4.6.6] AndroidManifest.xml:45:22-85
53    <uses-permission android:name="me.everything.badger.permission.BADGE_COUNT_WRITE" />
53-->[com.onesignal:OneSignal:4.6.6] AndroidManifest.xml:46:5-89
53-->[com.onesignal:OneSignal:4.6.6] AndroidManifest.xml:46:22-86
54    <uses-permission android:name="com.google.android.finsky.permission.BIND_GET_INSTALL_REFERRER_SERVICE" /> <!-- Include required permissions for Advertising Id -->
54-->[com.google.android.gms:play-services-measurement:20.1.0] AndroidManifest.xml:26:5-110
54-->[com.google.android.gms:play-services-measurement:20.1.0] AndroidManifest.xml:26:22-107
55    <uses-permission android:name="com.google.android.gms.permission.AD_ID" />
55-->[com.google.android.gms:play-services-ads-identifier:18.0.0] AndroidManifest.xml:23:5-79
55-->[com.google.android.gms:play-services-ads-identifier:18.0.0] AndroidManifest.xml:23:22-76
56
57    <application
58        android:name="io.flutter.app.FlutterMultiDexApplication"
59        android:appComponentFactory="androidx.core.app.CoreComponentFactory"
59-->[androidx.core:core:1.6.0] AndroidManifest.xml:24:18-86
60        android:debuggable="true"
61        android:icon="@mipmap/ic_launcher"
62        android:label="Krishivikas"
63        android:supportsRtl="true" >
63-->[com.facebook.android:facebook-login:12.2.0] AndroidManifest.xml:28:18-44
64        <meta-data
65            android:name="com.facebook.sdk.ApplicationId"
66            android:value="@string/facebook_app_id" />
67        <meta-data
68            android:name="com.facebook.sdk.ClientToken"
69            android:value="@string/facebook_client_token" />
70
71        <activity
72            android:name="com.example.krishivikas.MainActivity"
73            android:configChanges="orientation|keyboardHidden|keyboard|screenSize|smallestScreenSize|locale|layoutDirection|fontScale|screenLayout|density|uiMode"
74            android:exported="true"
75            android:hardwareAccelerated="true"
76            android:launchMode="singleTop"
77            android:theme="@style/LaunchTheme"
78            android:windowSoftInputMode="adjustResize" >
79
80            <!--
81                 Specifies an Android theme to apply to this Activity as soon as
82                 the Android process has started. This theme is visible to the user
83                 while the Flutter UI initializes. After that, this theme continues
84                 to determine the Window background behind the Flutter UI.
85            -->
86            <meta-data
87                android:name="io.flutter.embedding.android.NormalTheme"
88                android:resource="@style/NormalTheme" />
89
90            <intent-filter>
91                <action android:name="android.intent.action.MAIN" />
92
93                <category android:name="android.intent.category.LAUNCHER" />
94            </intent-filter>
95        </activity>
96        <activity
97            android:name="com.facebook.FacebookActivity"
98            android:configChanges="keyboard|keyboardHidden|screenLayout|screenSize|orientation"
99            android:label="@string/app_name"
100            android:theme="@style/com_facebook_activity_theme" />
100-->[com.facebook.android:facebook-common:12.2.0] AndroidManifest.xml:33:13-63
101        <activity
102            android:name="com.facebook.CustomTabActivity"
103            android:exported="true" >
104            <intent-filter>
105                <action android:name="android.intent.action.VIEW" />
105-->[com.onesignal:OneSignal:4.6.6] AndroidManifest.xml:76:17-69
105-->[com.onesignal:OneSignal:4.6.6] AndroidManifest.xml:76:25-66
106
107                <category android:name="android.intent.category.DEFAULT" />
107-->[com.facebook.android:facebook-common:12.2.0] AndroidManifest.xml:42:17-76
107-->[com.facebook.android:facebook-common:12.2.0] AndroidManifest.xml:42:27-73
108                <category android:name="android.intent.category.BROWSABLE" />
108-->[com.facebook.android:facebook-common:12.2.0] AndroidManifest.xml:43:17-78
108-->[com.facebook.android:facebook-common:12.2.0] AndroidManifest.xml:43:27-75
109
110                <data android:scheme="@string/fb_login_protocol_scheme" />
110-->[com.facebook.android:facebook-common:12.2.0] AndroidManifest.xml:45:17-47:50
110-->[com.facebook.android:facebook-common:12.2.0] AndroidManifest.xml:47:21-47
111            </intent-filter>
112            <intent-filter>
112-->[com.facebook.android:facebook-common:12.2.0] AndroidManifest.xml:39:13-48:29
113                <action android:name="android.intent.action.VIEW" />
113-->[com.onesignal:OneSignal:4.6.6] AndroidManifest.xml:76:17-69
113-->[com.onesignal:OneSignal:4.6.6] AndroidManifest.xml:76:25-66
114
115                <category android:name="android.intent.category.DEFAULT" />
115-->[com.facebook.android:facebook-common:12.2.0] AndroidManifest.xml:42:17-76
115-->[com.facebook.android:facebook-common:12.2.0] AndroidManifest.xml:42:27-73
116                <category android:name="android.intent.category.BROWSABLE" />
116-->[com.facebook.android:facebook-common:12.2.0] AndroidManifest.xml:43:17-78
116-->[com.facebook.android:facebook-common:12.2.0] AndroidManifest.xml:43:27-75
117
118                <data
118-->[com.facebook.android:facebook-common:12.2.0] AndroidManifest.xml:45:17-47:50
119                    android:host="cct.com.example.krishivikas"
119-->[com.facebook.android:facebook-common:12.2.0] AndroidManifest.xml:46:21-56
120                    android:scheme="fbconnect" />
120-->[com.facebook.android:facebook-common:12.2.0] AndroidManifest.xml:47:21-47
121            </intent-filter>
122        </activity>
123
124        <!--
125             Don't delete the meta-data below.
126             This is used by the Flutter tool to generate GeneratedPluginRegistrant.java
127        -->
128        <meta-data
129            android:name="flutterEmbedding"
130            android:value="2" />
131
132        <service
132-->[:firebase_storage] AndroidManifest.xml:8:9-12:19
133            android:name="com.google.firebase.components.ComponentDiscoveryService"
133-->[:firebase_storage] AndroidManifest.xml:8:18-89
134            android:directBootAware="true"
134-->[com.google.firebase:firebase-common:20.0.0] AndroidManifest.xml:35:13-43
135            android:exported="false" >
135-->[com.google.firebase:firebase-analytics-ktx:20.1.0] AndroidManifest.xml:10:13-37
136            <meta-data
136-->[:firebase_storage] AndroidManifest.xml:9:13-11:85
137                android:name="com.google.firebase.components:io.flutter.plugins.firebase.storage.FlutterFirebaseAppRegistrar"
137-->[:firebase_storage] AndroidManifest.xml:10:17-126
138                android:value="com.google.firebase.components.ComponentRegistrar" />
138-->[:firebase_storage] AndroidManifest.xml:11:17-82
139            <meta-data
139-->[:cloud_firestore] AndroidManifest.xml:9:13-11:85
140                android:name="com.google.firebase.components:io.flutter.plugins.firebase.firestore.FlutterFirebaseFirestoreRegistrar"
140-->[:cloud_firestore] AndroidManifest.xml:10:17-134
141                android:value="com.google.firebase.components.ComponentRegistrar" />
141-->[:cloud_firestore] AndroidManifest.xml:11:17-82
142            <meta-data
142-->[:firebase_auth] AndroidManifest.xml:9:13-11:85
143                android:name="com.google.firebase.components:io.flutter.plugins.firebase.auth.FlutterFirebaseAuthRegistrar"
143-->[:firebase_auth] AndroidManifest.xml:10:17-124
144                android:value="com.google.firebase.components.ComponentRegistrar" />
144-->[:firebase_auth] AndroidManifest.xml:11:17-82
145            <meta-data
145-->[:firebase_core] AndroidManifest.xml:9:13-11:85
146                android:name="com.google.firebase.components:io.flutter.plugins.firebase.core.FlutterFirebaseCoreRegistrar"
146-->[:firebase_core] AndroidManifest.xml:10:17-124
147                android:value="com.google.firebase.components.ComponentRegistrar" />
147-->[:firebase_core] AndroidManifest.xml:11:17-82
148            <meta-data
148-->[com.google.firebase:firebase-analytics-ktx:20.1.0] AndroidManifest.xml:11:13-13:85
149                android:name="com.google.firebase.components:com.google.firebase.analytics.ktx.FirebaseAnalyticsKtxRegistrar"
149-->[com.google.firebase:firebase-analytics-ktx:20.1.0] AndroidManifest.xml:12:17-126
150                android:value="com.google.firebase.components.ComponentRegistrar" />
150-->[com.google.firebase:firebase-analytics-ktx:20.1.0] AndroidManifest.xml:13:17-82
151            <meta-data
151-->[com.google.firebase:firebase-common-ktx:20.0.0] AndroidManifest.xml:15:13-17:85
152                android:name="com.google.firebase.components:com.google.firebase.ktx.FirebaseCommonKtxRegistrar"
152-->[com.google.firebase:firebase-common-ktx:20.0.0] AndroidManifest.xml:16:17-113
153                android:value="com.google.firebase.components.ComponentRegistrar" />
153-->[com.google.firebase:firebase-common-ktx:20.0.0] AndroidManifest.xml:17:17-82
154            <meta-data
154-->[com.google.firebase:firebase-messaging:23.0.0] AndroidManifest.xml:52:13-54:85
155                android:name="com.google.firebase.components:com.google.firebase.messaging.FirebaseMessagingRegistrar"
155-->[com.google.firebase:firebase-messaging:23.0.0] AndroidManifest.xml:53:17-119
156                android:value="com.google.firebase.components.ComponentRegistrar" />
156-->[com.google.firebase:firebase-messaging:23.0.0] AndroidManifest.xml:54:17-82
157            <meta-data
157-->[com.google.firebase:firebase-datatransport:18.0.0] AndroidManifest.xml:28:13-30:85
158                android:name="com.google.firebase.components:com.google.firebase.datatransport.TransportRegistrar"
158-->[com.google.firebase:firebase-datatransport:18.0.0] AndroidManifest.xml:29:17-115
159                android:value="com.google.firebase.components.ComponentRegistrar" />
159-->[com.google.firebase:firebase-datatransport:18.0.0] AndroidManifest.xml:30:17-82
160            <meta-data
160-->[com.google.firebase:firebase-auth:21.0.1] AndroidManifest.xml:77:13-79:85
161                android:name="com.google.firebase.components:com.google.firebase.auth.FirebaseAuthRegistrar"
161-->[com.google.firebase:firebase-auth:21.0.1] AndroidManifest.xml:78:17-109
162                android:value="com.google.firebase.components.ComponentRegistrar" />
162-->[com.google.firebase:firebase-auth:21.0.1] AndroidManifest.xml:79:17-82
163            <meta-data
163-->[com.google.firebase:firebase-firestore:24.0.1] AndroidManifest.xml:20:13-22:85
164                android:name="com.google.firebase.components:com.google.firebase.firestore.FirestoreRegistrar"
164-->[com.google.firebase:firebase-firestore:24.0.1] AndroidManifest.xml:21:17-111
165                android:value="com.google.firebase.components.ComponentRegistrar" />
165-->[com.google.firebase:firebase-firestore:24.0.1] AndroidManifest.xml:22:17-82
166            <meta-data
166-->[com.google.firebase:firebase-storage:20.0.0] AndroidManifest.xml:33:13-35:85
167                android:name="com.google.firebase.components:com.google.firebase.storage.StorageRegistrar"
167-->[com.google.firebase:firebase-storage:20.0.0] AndroidManifest.xml:34:17-107
168                android:value="com.google.firebase.components.ComponentRegistrar" />
168-->[com.google.firebase:firebase-storage:20.0.0] AndroidManifest.xml:35:17-82
169            <meta-data
169-->[com.google.android.gms:play-services-measurement-api:20.1.0] AndroidManifest.xml:30:13-32:85
170                android:name="com.google.firebase.components:com.google.firebase.analytics.connector.internal.AnalyticsConnectorRegistrar"
170-->[com.google.android.gms:play-services-measurement-api:20.1.0] AndroidManifest.xml:31:17-139
171                android:value="com.google.firebase.components.ComponentRegistrar" />
171-->[com.google.android.gms:play-services-measurement-api:20.1.0] AndroidManifest.xml:32:17-82
172            <meta-data
172-->[com.google.firebase:firebase-installations:17.0.0] AndroidManifest.xml:18:13-20:85
173                android:name="com.google.firebase.components:com.google.firebase.installations.FirebaseInstallationsRegistrar"
173-->[com.google.firebase:firebase-installations:17.0.0] AndroidManifest.xml:19:17-127
174                android:value="com.google.firebase.components.ComponentRegistrar" />
174-->[com.google.firebase:firebase-installations:17.0.0] AndroidManifest.xml:20:17-82
175        </service>
176
177        <provider
177-->[:image_picker] AndroidManifest.xml:8:9-16:20
178            android:name="io.flutter.plugins.imagepicker.ImagePickerFileProvider"
178-->[:image_picker] AndroidManifest.xml:9:13-82
179            android:authorities="com.example.krishivikas.flutter.image_provider"
179-->[:image_picker] AndroidManifest.xml:10:13-74
180            android:exported="false"
180-->[:image_picker] AndroidManifest.xml:11:13-37
181            android:grantUriPermissions="true" >
181-->[:image_picker] AndroidManifest.xml:12:13-47
182            <meta-data
182-->[:image_picker] AndroidManifest.xml:13:13-15:75
183                android:name="android.support.FILE_PROVIDER_PATHS"
183-->[:image_picker] AndroidManifest.xml:14:17-67
184                android:resource="@xml/flutter_image_picker_file_paths" />
184-->[:image_picker] AndroidManifest.xml:15:17-72
185        </provider>
186
187        <activity
187-->[:url_launcher_android] AndroidManifest.xml:8:9-11:74
188            android:name="io.flutter.plugins.urllauncher.WebViewActivity"
188-->[:url_launcher_android] AndroidManifest.xml:9:13-74
189            android:exported="false"
189-->[:url_launcher_android] AndroidManifest.xml:10:13-37
190            android:theme="@android:style/Theme.NoTitleBar.Fullscreen" />
190-->[:url_launcher_android] AndroidManifest.xml:11:13-71
191
192        <service
192-->[:geolocator_android] AndroidManifest.xml:10:9-14:56
193            android:name="com.baseflow.geolocator.GeolocatorLocationService"
193-->[:geolocator_android] AndroidManifest.xml:11:13-77
194            android:enabled="true"
194-->[:geolocator_android] AndroidManifest.xml:12:13-35
195            android:exported="false"
195-->[:geolocator_android] AndroidManifest.xml:13:13-37
196            android:foregroundServiceType="location" />
196-->[:geolocator_android] AndroidManifest.xml:14:13-53
197
198        <receiver
198-->[com.onesignal:OneSignal:4.6.6] AndroidManifest.xml:49:9-60:20
199            android:name="com.onesignal.FCMBroadcastReceiver"
199-->[com.onesignal:OneSignal:4.6.6] AndroidManifest.xml:50:13-62
200            android:exported="true"
200-->[com.onesignal:OneSignal:4.6.6] AndroidManifest.xml:51:13-36
201            android:permission="com.google.android.c2dm.permission.SEND" >
201-->[com.onesignal:OneSignal:4.6.6] AndroidManifest.xml:52:13-73
202
203            <!-- High priority so OneSignal payloads can be filtered from other FCM receivers -->
204            <intent-filter android:priority="999" >
204-->[com.onesignal:OneSignal:4.6.6] AndroidManifest.xml:55:13-59:29
204-->[com.onesignal:OneSignal:4.6.6] AndroidManifest.xml:55:28-50
205                <action android:name="com.google.android.c2dm.intent.RECEIVE" />
205-->[com.onesignal:OneSignal:4.6.6] AndroidManifest.xml:56:17-81
205-->[com.onesignal:OneSignal:4.6.6] AndroidManifest.xml:56:25-78
206
207                <category android:name="com.example.krishivikas" />
207-->[com.onesignal:OneSignal:4.6.6] AndroidManifest.xml:58:17-61
207-->[com.onesignal:OneSignal:4.6.6] AndroidManifest.xml:58:27-58
208            </intent-filter>
209        </receiver>
210
211        <service
211-->[com.onesignal:OneSignal:4.6.6] AndroidManifest.xml:62:9-68:19
212            android:name="com.onesignal.HmsMessageServiceOneSignal"
212-->[com.onesignal:OneSignal:4.6.6] AndroidManifest.xml:63:13-68
213            android:exported="false" >
213-->[com.onesignal:OneSignal:4.6.6] AndroidManifest.xml:64:13-37
214            <intent-filter>
214-->[com.onesignal:OneSignal:4.6.6] AndroidManifest.xml:65:13-67:29
215                <action android:name="com.huawei.push.action.MESSAGING_EVENT" />
215-->[com.onesignal:OneSignal:4.6.6] AndroidManifest.xml:66:17-81
215-->[com.onesignal:OneSignal:4.6.6] AndroidManifest.xml:66:25-78
216            </intent-filter>
217        </service>
218
219        <activity
219-->[com.onesignal:OneSignal:4.6.6] AndroidManifest.xml:70:9-78:20
220            android:name="com.onesignal.NotificationOpenedActivityHMS"
220-->[com.onesignal:OneSignal:4.6.6] AndroidManifest.xml:71:13-71
221            android:exported="true"
221-->[com.onesignal:OneSignal:4.6.6] AndroidManifest.xml:72:13-36
222            android:noHistory="true"
222-->[com.onesignal:OneSignal:4.6.6] AndroidManifest.xml:73:13-37
223            android:theme="@android:style/Theme.Translucent.NoTitleBar" >
223-->[com.onesignal:OneSignal:4.6.6] AndroidManifest.xml:74:13-72
224            <intent-filter>
224-->[com.onesignal:OneSignal:4.6.6] AndroidManifest.xml:75:13-77:29
225                <action android:name="android.intent.action.VIEW" />
225-->[com.onesignal:OneSignal:4.6.6] AndroidManifest.xml:76:17-69
225-->[com.onesignal:OneSignal:4.6.6] AndroidManifest.xml:76:25-66
226            </intent-filter>
227        </activity>
228
229        <service
229-->[com.onesignal:OneSignal:4.6.6] AndroidManifest.xml:80:9-82:40
230            android:name="com.onesignal.FCMIntentService"
230-->[com.onesignal:OneSignal:4.6.6] AndroidManifest.xml:81:13-58
231            android:exported="false" />
231-->[com.onesignal:OneSignal:4.6.6] AndroidManifest.xml:82:13-37
232        <service
232-->[com.onesignal:OneSignal:4.6.6] AndroidManifest.xml:83:9-86:72
233            android:name="com.onesignal.FCMIntentJobService"
233-->[com.onesignal:OneSignal:4.6.6] AndroidManifest.xml:84:13-61
234            android:exported="false"
234-->[com.onesignal:OneSignal:4.6.6] AndroidManifest.xml:85:13-37
235            android:permission="android.permission.BIND_JOB_SERVICE" />
235-->[com.onesignal:OneSignal:4.6.6] AndroidManifest.xml:86:13-69
236        <service
236-->[com.onesignal:OneSignal:4.6.6] AndroidManifest.xml:87:9-90:43
237            android:name="com.onesignal.SyncService"
237-->[com.onesignal:OneSignal:4.6.6] AndroidManifest.xml:88:13-53
238            android:exported="false"
238-->[com.onesignal:OneSignal:4.6.6] AndroidManifest.xml:89:13-37
239            android:stopWithTask="true" />
239-->[com.onesignal:OneSignal:4.6.6] AndroidManifest.xml:90:13-40
240        <service
240-->[com.onesignal:OneSignal:4.6.6] AndroidManifest.xml:91:9-94:72
241            android:name="com.onesignal.SyncJobService"
241-->[com.onesignal:OneSignal:4.6.6] AndroidManifest.xml:92:13-56
242            android:exported="false"
242-->[com.onesignal:OneSignal:4.6.6] AndroidManifest.xml:93:13-37
243            android:permission="android.permission.BIND_JOB_SERVICE" />
243-->[com.onesignal:OneSignal:4.6.6] AndroidManifest.xml:94:13-69
244
245        <activity
245-->[com.onesignal:OneSignal:4.6.6] AndroidManifest.xml:96:9-99:75
246            android:name="com.onesignal.PermissionsActivity"
246-->[com.onesignal:OneSignal:4.6.6] AndroidManifest.xml:97:13-61
247            android:exported="false"
247-->[com.onesignal:OneSignal:4.6.6] AndroidManifest.xml:98:13-37
248            android:theme="@android:style/Theme.Translucent.NoTitleBar" />
248-->[com.onesignal:OneSignal:4.6.6] AndroidManifest.xml:99:13-72
249
250        <receiver
250-->[com.onesignal:OneSignal:4.6.6] AndroidManifest.xml:101:9-103:39
251            android:name="com.onesignal.NotificationDismissReceiver"
251-->[com.onesignal:OneSignal:4.6.6] AndroidManifest.xml:102:13-69
252            android:exported="true" />
252-->[com.onesignal:OneSignal:4.6.6] AndroidManifest.xml:103:13-36
253        <receiver
253-->[com.onesignal:OneSignal:4.6.6] AndroidManifest.xml:104:9-111:20
254            android:name="com.onesignal.BootUpReceiver"
254-->[com.onesignal:OneSignal:4.6.6] AndroidManifest.xml:105:13-56
255            android:exported="true" >
255-->[com.onesignal:OneSignal:4.6.6] AndroidManifest.xml:106:13-36
256            <intent-filter>
256-->[com.onesignal:OneSignal:4.6.6] AndroidManifest.xml:107:13-110:29
257                <action android:name="android.intent.action.BOOT_COMPLETED" />
257-->[com.onesignal:OneSignal:4.6.6] AndroidManifest.xml:108:17-79
257-->[com.onesignal:OneSignal:4.6.6] AndroidManifest.xml:108:25-76
258                <action android:name="android.intent.action.QUICKBOOT_POWERON" />
258-->[com.onesignal:OneSignal:4.6.6] AndroidManifest.xml:109:17-82
258-->[com.onesignal:OneSignal:4.6.6] AndroidManifest.xml:109:25-79
259            </intent-filter>
260        </receiver>
261        <receiver
261-->[com.onesignal:OneSignal:4.6.6] AndroidManifest.xml:112:9-118:20
262            android:name="com.onesignal.UpgradeReceiver"
262-->[com.onesignal:OneSignal:4.6.6] AndroidManifest.xml:113:13-57
263            android:exported="true" >
263-->[com.onesignal:OneSignal:4.6.6] AndroidManifest.xml:114:13-36
264            <intent-filter>
264-->[com.onesignal:OneSignal:4.6.6] AndroidManifest.xml:115:13-117:29
265                <action android:name="android.intent.action.MY_PACKAGE_REPLACED" />
265-->[com.onesignal:OneSignal:4.6.6] AndroidManifest.xml:116:17-84
265-->[com.onesignal:OneSignal:4.6.6] AndroidManifest.xml:116:25-81
266            </intent-filter>
267        </receiver>
268
269        <activity
269-->[com.onesignal:OneSignal:4.6.6] AndroidManifest.xml:120:9-126:75
270            android:name="com.onesignal.NotificationOpenedReceiver"
270-->[com.onesignal:OneSignal:4.6.6] AndroidManifest.xml:121:13-68
271            android:excludeFromRecents="true"
271-->[com.onesignal:OneSignal:4.6.6] AndroidManifest.xml:122:13-46
272            android:exported="true"
272-->[com.onesignal:OneSignal:4.6.6] AndroidManifest.xml:123:13-36
273            android:noHistory="true"
273-->[com.onesignal:OneSignal:4.6.6] AndroidManifest.xml:124:13-37
274            android:taskAffinity=""
274-->[com.onesignal:OneSignal:4.6.6] AndroidManifest.xml:125:13-36
275            android:theme="@android:style/Theme.Translucent.NoTitleBar" />
275-->[com.onesignal:OneSignal:4.6.6] AndroidManifest.xml:126:13-72
276        <activity
276-->[com.onesignal:OneSignal:4.6.6] AndroidManifest.xml:127:9-132:75
277            android:name="com.onesignal.NotificationOpenedReceiverAndroid22AndOlder"
277-->[com.onesignal:OneSignal:4.6.6] AndroidManifest.xml:128:13-85
278            android:excludeFromRecents="true"
278-->[com.onesignal:OneSignal:4.6.6] AndroidManifest.xml:129:13-46
279            android:exported="true"
279-->[com.onesignal:OneSignal:4.6.6] AndroidManifest.xml:130:13-36
280            android:noHistory="true"
280-->[com.onesignal:OneSignal:4.6.6] AndroidManifest.xml:131:13-37
281            android:theme="@android:style/Theme.Translucent.NoTitleBar" />
281-->[com.onesignal:OneSignal:4.6.6] AndroidManifest.xml:132:13-72
282        <activity android:name="com.facebook.CustomTabMainActivity" />